2025-05-19 13:29:58,191 - ocr_service - INFO - 启动OCR服务在 http://127.0.0.1:8080
2025-05-19 13:29:58,201 - werkzeug - INFO -  * Running on http://127.0.0.1:8080/ (Press CTRL+C to quit)
2025-05-19 13:29:58,205 - werkzeug - INFO -  * Restarting with stat
2025-05-19 13:29:58,309 - ocr_service - INFO - 启动OCR服务在 http://127.0.0.1:8080
2025-05-19 13:29:58,311 - werkzeug - WARNING -  * Debugger is active!
2025-05-19 13:29:58,318 - werkzeug - INFO -  * Debugger PIN: 235-257-178
2025-05-19 13:39:37,821 - ocr_service - INFO - 收到OCR请求
2025-05-19 13:39:37,833 - ocr_service - INFO - 收到图像数据，大小: 3372 字节
2025-05-19 13:39:37,882 - ocr_service - INFO - 成功打开图像，尺寸: (256, 110)
2025-05-19 13:39:37,882 - ocr_service - INFO - 开始OCR处理...
2025-05-19 13:39:38,143 - ocr_service - INFO - OCR完成，提取文本长度: 62
2025-05-19 13:39:38,143 - ocr_service - INFO - 未找到结构化数据，返回原始文本段落
2025-05-19 13:39:38,143 - ocr_service - INFO - 返回结果: {'文本1': '血压               124', '文本2': '血脂               125', '文本3': '骨质            45214'}
2025-05-19 13:39:38,145 - werkzeug - INFO - 127.0.0.1 - - [19/May/2025 13:39:38] "POST /ocr HTTP/1.1" 200 -
2025-05-19 13:42:13,824 - ocr_service - INFO - 收到OCR请求
2025-05-19 13:42:13,826 - ocr_service - INFO - 收到图像数据，大小: 3372 字节
2025-05-19 13:42:13,828 - ocr_service - INFO - 成功打开图像，尺寸: (256, 110)
2025-05-19 13:42:13,828 - ocr_service - INFO - 开始OCR处理...
2025-05-19 13:42:14,064 - ocr_service - INFO - OCR完成，提取文本长度: 62
2025-05-19 13:42:14,064 - ocr_service - INFO - 未找到结构化数据，返回原始文本段落
2025-05-19 13:42:14,065 - ocr_service - INFO - 返回结果: {'文本1': '血压               124', '文本2': '血脂               125', '文本3': '骨质            45214'}
2025-05-19 13:42:14,065 - werkzeug - INFO - 127.0.0.1 - - [19/May/2025 13:42:14] "POST /ocr HTTP/1.1" 200 -
2025-05-19 14:02:05,093 - ocr_service - INFO - 收到OCR请求
2025-05-19 14:02:05,135 - ocr_service - INFO - 收到图像数据，大小: 3372 字节
2025-05-19 14:02:05,171 - ocr_service - INFO - 成功打开图像，尺寸: (256, 110)
2025-05-19 14:02:05,175 - ocr_service - INFO - 开始OCR处理...
2025-05-19 14:02:05,882 - ocr_service - INFO - OCR完成，提取文本长度: 62
2025-05-19 14:02:05,882 - ocr_service - INFO - 未找到结构化数据，返回原始文本段落
2025-05-19 14:02:05,884 - ocr_service - INFO - 返回结果: {'文本1': '血压               124', '文本2': '血脂               125', '文本3': '骨质            45214'}
2025-05-19 14:02:05,888 - werkzeug - INFO - 127.0.0.1 - - [19/May/2025 14:02:05] "POST /ocr HTTP/1.1" 200 -
2025-05-20 00:25:15,215 - ocr_service - INFO - 启动OCR服务在 http://127.0.0.1:8080
2025-05-20 00:25:15,219 - werkzeug - INFO -  * Running on http://127.0.0.1:8080/ (Press CTRL+C to quit)
2025-05-20 00:25:15,220 - werkzeug - INFO -  * Restarting with stat
2025-05-20 00:25:15,347 - ocr_service - INFO - 启动OCR服务在 http://127.0.0.1:8080
2025-05-20 00:25:15,349 - werkzeug - WARNING -  * Debugger is active!
2025-05-20 00:25:15,355 - werkzeug - INFO -  * Debugger PIN: 889-784-371
2025-05-22 10:09:30,329 - ocr_service - INFO - 启动OCR服务在 http://127.0.0.1:8080
2025-05-22 10:09:30,332 - werkzeug - INFO -  * Running on http://127.0.0.1:8080/ (Press CTRL+C to quit)
2025-05-22 10:09:30,333 - werkzeug - INFO -  * Restarting with stat
2025-05-22 10:09:30,441 - ocr_service - INFO - 启动OCR服务在 http://127.0.0.1:8080
2025-05-22 10:09:30,443 - werkzeug - WARNING -  * Debugger is active!
2025-05-22 10:09:30,451 - werkzeug - INFO -  * Debugger PIN: 113-294-125
2025-05-22 10:11:49,088 - ocr_service - INFO - 收到OCR请求
2025-05-22 10:11:49,093 - ocr_service - INFO - 收到图像数据，大小: 9051 字节
2025-05-22 10:11:49,108 - ocr_service - INFO - 成功打开图像，尺寸: (262, 120)
2025-05-22 10:11:49,108 - ocr_service - INFO - 开始OCR处理...
2025-05-22 10:11:49,323 - ocr_service - INFO - OCR完成，提取文本长度: 9
2025-05-22 10:11:49,323 - ocr_service - INFO - 找到项目: 血糖 = 200|
2025-05-22 10:11:49,323 - ocr_service - INFO - 返回结果: {'血糖': '200|'}
2025-05-22 10:11:49,324 - werkzeug - INFO - 127.0.0.1 - - [22/May/2025 10:11:49] "POST /ocr HTTP/1.1" 200 -
2025-05-22 10:18:08,128 - ocr_service - INFO - 收到OCR请求
2025-05-22 10:18:08,130 - ocr_service - INFO - 收到图像数据，大小: 10649 字节
2025-05-22 10:18:08,132 - ocr_service - INFO - 成功打开图像，尺寸: (372, 86)
2025-05-22 10:18:08,132 - ocr_service - INFO - 开始OCR处理...
2025-05-22 10:18:08,340 - ocr_service - INFO - OCR完成，提取文本长度: 12
2025-05-22 10:18:08,340 - ocr_service - INFO - 找到项目: 体检 = 血糖: 200
2025-05-22 10:18:08,340 - ocr_service - INFO - 返回结果: {'体检': '血糖: 200'}
2025-05-22 10:18:08,342 - werkzeug - INFO - 127.0.0.1 - - [22/May/2025 10:18:08] "POST /ocr HTTP/1.1" 200 -
2025-05-22 10:21:08,796 - ocr_service - INFO - 收到OCR请求
2025-05-22 10:21:08,799 - ocr_service - INFO - 收到图像数据，大小: 10649 字节
2025-05-22 10:21:08,800 - ocr_service - INFO - 成功打开图像，尺寸: (372, 86)
2025-05-22 10:21:08,800 - ocr_service - INFO - 开始OCR处理...
2025-05-22 10:21:09,013 - ocr_service - INFO - OCR完成，提取文本长度: 12
2025-05-22 10:21:09,013 - ocr_service - INFO - 找到项目: 体检 = 血糖: 200
2025-05-22 10:21:09,013 - ocr_service - INFO - 返回结果: {'体检': '血糖: 200'}
2025-05-22 10:21:09,014 - werkzeug - INFO - 127.0.0.1 - - [22/May/2025 10:21:09] "POST /ocr HTTP/1.1" 200 -
2025-05-22 10:21:50,893 - ocr_service - INFO - 收到OCR请求
2025-05-22 10:21:50,896 - ocr_service - INFO - 收到图像数据，大小: 9051 字节
2025-05-22 10:21:50,897 - ocr_service - INFO - 成功打开图像，尺寸: (262, 120)
2025-05-22 10:21:50,897 - ocr_service - INFO - 开始OCR处理...
2025-05-22 10:21:51,099 - ocr_service - INFO - OCR完成，提取文本长度: 9
2025-05-22 10:21:51,100 - ocr_service - INFO - 找到项目: 血糖 = 200|
2025-05-22 10:21:51,100 - ocr_service - INFO - 返回结果: {'血糖': '200|'}
2025-05-22 10:21:51,100 - werkzeug - INFO - 127.0.0.1 - - [22/May/2025 10:21:51] "POST /ocr HTTP/1.1" 200 -
2025-05-22 10:22:49,521 - ocr_service - INFO - 收到OCR请求
2025-05-22 10:22:49,523 - ocr_service - INFO - 收到图像数据，大小: 9051 字节
2025-05-22 10:22:49,524 - ocr_service - INFO - 成功打开图像，尺寸: (262, 120)
2025-05-22 10:22:49,524 - ocr_service - INFO - 开始OCR处理...
2025-05-22 10:22:49,715 - ocr_service - INFO - OCR完成，提取文本长度: 9
2025-05-22 10:22:49,715 - ocr_service - INFO - 找到项目: 血糖 = 200|
2025-05-22 10:22:49,715 - ocr_service - INFO - 返回结果: {'血糖': '200|'}
2025-05-22 10:22:49,715 - werkzeug - INFO - 127.0.0.1 - - [22/May/2025 10:22:49] "POST /ocr HTTP/1.1" 200 -
2025-05-22 10:23:34,859 - ocr_service - INFO - 收到OCR请求
2025-05-22 10:23:34,861 - ocr_service - INFO - 收到图像数据，大小: 8638 字节
2025-05-22 10:23:34,862 - ocr_service - INFO - 成功打开图像，尺寸: (232, 112)
2025-05-22 10:23:34,862 - ocr_service - INFO - 开始OCR处理...
2025-05-22 10:23:35,045 - ocr_service - INFO - OCR完成，提取文本长度: 8
2025-05-22 10:23:35,046 - ocr_service - INFO - 找到项目: 血糖 = 200
2025-05-22 10:23:35,047 - ocr_service - INFO - 返回结果: {'血糖': '200'}
2025-05-22 10:23:35,047 - werkzeug - INFO - 127.0.0.1 - - [22/May/2025 10:23:35] "POST /ocr HTTP/1.1" 200 -
2025-05-22 10:23:54,106 - ocr_service - INFO - 收到OCR请求
2025-05-22 10:23:54,107 - ocr_service - INFO - 收到图像数据，大小: 8638 字节
2025-05-22 10:23:54,107 - ocr_service - INFO - 成功打开图像，尺寸: (232, 112)
2025-05-22 10:23:54,107 - ocr_service - INFO - 开始OCR处理...
2025-05-22 10:23:54,290 - ocr_service - INFO - OCR完成，提取文本长度: 8
2025-05-22 10:23:54,290 - ocr_service - INFO - 找到项目: 血糖 = 200
2025-05-22 10:23:54,290 - ocr_service - INFO - 返回结果: {'血糖': '200'}
2025-05-22 10:23:54,290 - werkzeug - INFO - 127.0.0.1 - - [22/May/2025 10:23:54] "POST /ocr HTTP/1.1" 200 -
2025-05-22 10:24:18,822 - ocr_service - INFO - 收到OCR请求
2025-05-22 10:24:18,824 - ocr_service - INFO - 收到图像数据，大小: 8638 字节
2025-05-22 10:24:18,824 - ocr_service - INFO - 成功打开图像，尺寸: (232, 112)
2025-05-22 10:24:18,824 - ocr_service - INFO - 开始OCR处理...
2025-05-22 10:24:19,014 - ocr_service - INFO - OCR完成，提取文本长度: 8
2025-05-22 10:24:19,014 - ocr_service - INFO - 找到项目: 血糖 = 200
2025-05-22 10:24:19,014 - ocr_service - INFO - 返回结果: {'血糖': '200'}
2025-05-22 10:24:19,014 - werkzeug - INFO - 127.0.0.1 - - [22/May/2025 10:24:19] "POST /ocr HTTP/1.1" 200 -
2025-05-22 10:28:23,992 - ocr_service - INFO - 收到OCR请求
2025-05-22 10:28:23,993 - ocr_service - INFO - 收到图像数据，大小: 8638 字节
2025-05-22 10:28:23,994 - ocr_service - INFO - 成功打开图像，尺寸: (232, 112)
2025-05-22 10:28:23,994 - ocr_service - INFO - 开始OCR处理...
2025-05-22 10:28:24,199 - ocr_service - INFO - OCR完成，提取文本长度: 8
2025-05-22 10:28:24,199 - ocr_service - INFO - 找到项目: 血糖 = 200
2025-05-22 10:28:24,200 - ocr_service - INFO - 返回结果: {'血糖': '200'}
2025-05-22 10:28:24,200 - werkzeug - INFO - 127.0.0.1 - - [22/May/2025 10:28:24] "POST /ocr HTTP/1.1" 200 -
2025-05-22 10:29:27,155 - ocr_service - INFO - 收到OCR请求
2025-05-22 10:29:27,157 - ocr_service - INFO - 收到图像数据，大小: 8638 字节
2025-05-22 10:29:27,158 - ocr_service - INFO - 成功打开图像，尺寸: (232, 112)
2025-05-22 10:29:27,158 - ocr_service - INFO - 开始OCR处理...
2025-05-22 10:29:27,351 - ocr_service - INFO - OCR完成，提取文本长度: 8
2025-05-22 10:29:27,352 - ocr_service - INFO - 找到项目: 血糖 = 200
2025-05-22 10:29:27,352 - ocr_service - INFO - 返回结果: {'血糖': '200'}
2025-05-22 10:29:27,352 - werkzeug - INFO - 127.0.0.1 - - [22/May/2025 10:29:27] "POST /ocr HTTP/1.1" 200 -
2025-05-22 10:33:01,281 - ocr_service - INFO - 收到OCR请求
2025-05-22 10:33:01,283 - ocr_service - INFO - 收到图像数据，大小: 7617 字节
2025-05-22 10:33:01,284 - ocr_service - INFO - 成功打开图像，尺寸: (186, 72)
2025-05-22 10:33:01,284 - ocr_service - INFO - 开始OCR处理...
2025-05-22 10:33:01,473 - ocr_service - INFO - OCR完成，提取文本长度: 7
2025-05-22 10:33:01,473 - ocr_service - INFO - 未找到结构化数据，返回原始文本段落
2025-05-22 10:33:01,474 - ocr_service - INFO - 返回结果: {'文本1': '血糖 200'}
2025-05-22 10:33:01,474 - werkzeug - INFO - 127.0.0.1 - - [22/May/2025 10:33:01] "POST /ocr HTTP/1.1" 200 -
2025-05-22 10:56:41,822 - ocr_service - INFO - 收到OCR请求
2025-05-22 10:56:41,823 - ocr_service - INFO - 收到图像数据，大小: 7617 字节
2025-05-22 10:56:41,824 - ocr_service - INFO - 成功打开图像，尺寸: (186, 72)
2025-05-22 10:56:41,824 - ocr_service - INFO - 开始OCR处理...
2025-05-22 10:56:42,007 - ocr_service - INFO - OCR完成，提取文本长度: 7
2025-05-22 10:56:42,007 - ocr_service - INFO - 未找到结构化数据，返回原始文本段落
2025-05-22 10:56:42,007 - ocr_service - INFO - 返回结果: {'文本1': '血糖 200'}
2025-05-22 10:56:42,008 - werkzeug - INFO - 127.0.0.1 - - [22/May/2025 10:56:42] "POST /ocr HTTP/1.1" 200 -
2025-05-22 11:05:40,195 - ocr_service - INFO - 收到OCR请求
2025-05-22 11:05:40,198 - ocr_service - INFO - 收到图像数据，大小: 7617 字节
2025-05-22 11:05:40,200 - ocr_service - INFO - 成功打开图像，尺寸: (186, 72)
2025-05-22 11:05:40,200 - ocr_service - INFO - 开始OCR处理...
2025-05-22 11:05:40,394 - ocr_service - INFO - OCR完成，提取文本长度: 7
2025-05-22 11:05:40,394 - ocr_service - INFO - 未找到结构化数据，返回原始文本段落
2025-05-22 11:05:40,394 - ocr_service - INFO - 返回结果: {'文本1': '血糖 200'}
2025-05-22 11:05:40,395 - werkzeug - INFO - 127.0.0.1 - - [22/May/2025 11:05:40] "POST /ocr HTTP/1.1" 200 -
2025-05-22 11:05:51,517 - ocr_service - INFO - 收到OCR请求
2025-05-22 11:05:51,518 - ocr_service - INFO - 收到图像数据，大小: 7617 字节
2025-05-22 11:05:51,518 - ocr_service - INFO - 成功打开图像，尺寸: (186, 72)
2025-05-22 11:05:51,518 - ocr_service - INFO - 开始OCR处理...
2025-05-22 11:05:51,695 - ocr_service - INFO - OCR完成，提取文本长度: 7
2025-05-22 11:05:51,695 - ocr_service - INFO - 未找到结构化数据，返回原始文本段落
2025-05-22 11:05:51,695 - ocr_service - INFO - 返回结果: {'文本1': '血糖 200'}
2025-05-22 11:05:51,695 - werkzeug - INFO - 127.0.0.1 - - [22/May/2025 11:05:51] "POST /ocr HTTP/1.1" 200 -
